<?xml version="1.0" encoding="UTF-8"?>
<!-- Generated by org.testng.reporters.JUnitReportReporter -->
<testsuite hostname="DELL-PC" name="com.TableHandling" tests="1" failures="0" timestamp="2 Aug 2019 07:20:53 GMT" time="14.538" errors="0">
  <testcase name="table" time="14.538" classname="com.TableHandling"/>
</testsuite> <!-- com.TableHandling -->
