<?xml version="1.0" encoding="UTF-8"?>
<!-- Generated by org.testng.reporters.JUnitReportReporter -->
<testsuite hostname="DELL-PC" name="com.Hoveractions" tests="1" failures="0" timestamp="29 Jul 2019 07:12:48 GMT" time="12.391" errors="0">
  <testcase name="f" time="12.391" classname="com.Hoveractions"/>
</testsuite> <!-- com.Hoveractions -->
