<?xml version="1.0" encoding="UTF-8"?>
<!-- Generated by org.testng.reporters.JUnitReportReporter -->
<testsuite hostname="DELL-PC" name="com.Drag" tests="1" failures="0" timestamp="26 Jul 2019 11:47:18 GMT" time="10.621" errors="0">
  <testcase name="Drop" time="10.621" classname="com.Drag"/>
</testsuite> <!-- com.Drag -->
