<?xml version="1.0" encoding="UTF-8"?>
<!-- Generated by org.testng.reporters.JUnitReportReporter -->
<testsuite hostname="DELL-PC" name="com.DemoTest" tests="1" failures="0" timestamp="16 Oct 2019 17:52:30 GMT" time="0.000" errors="0">
  <testcase name="f" time="0.000" classname="com.DemoTest"/>
</testsuite> <!-- com.DemoTest -->
