<?xml version="1.0" encoding="UTF-8"?>
<!-- Generated by org.testng.reporters.JUnitReportReporter -->
<testsuite hostname="DELL-PC" name="TestingMasters.TM1" tests="2" failures="0" timestamp="3 Aug 2019 04:48:29 GMT" time="0.016" errors="0">
  <testcase name="TC02" time="0.000" classname="TestingMasters.TM1"/>
  <testcase name="TC03" time="0.016" classname="TestingMasters.TM1"/>
</testsuite> <!-- TestingMasters.TM1 -->
