<?xml version="1.0" encoding="UTF-8"?>
<!-- Generated by org.testng.reporters.JUnitReportReporter -->
<testsuite hostname="DELL-PC" name="com.DemoTest" tests="1" failures="0" timestamp="25 Jul 2019 06:48:02 GMT" time="0.006" errors="0">
  <testcase name="f" time="0.006" classname="com.DemoTest"/>
</testsuite> <!-- com.DemoTest -->
