<?xml version="1.0" encoding="UTF-8"?>
<!-- Generated by org.testng.reporters.JUnitReportReporter -->
<testsuite hostname="DELL-PC" name="TestingMasters.TM2" tests="1" failures="0" timestamp="3 Aug 2019 04:48:29 GMT" time="0.000" errors="0">
  <testcase name="TC04" time="0.000" classname="TestingMasters.TM2"/>
</testsuite> <!-- TestingMasters.TM2 -->
