<?xml version="1.0" encoding="UTF-8"?>
<!-- Generated by org.testng.reporters.JUnitReportReporter -->
<testsuite hostname="DELL-PC" name="com.DragAndDrop" tests="1" failures="0" timestamp="31 Jul 2019 08:00:09 GMT" time="13.370" errors="0">
  <testcase name="Sortable" time="13.370" classname="com.DragAndDrop"/>
</testsuite> <!-- com.DragAndDrop -->
